Determining if the pthread_create exist failed with the following output:
Change Dir: /home/chris/jade/rethink_ws/build/baxter_description/CMakeFiles/CMakeTmp

Run Build Command:/usr/bin/make "cmTryCompileExec2526157783/fast"
/usr/bin/make -f CMakeFiles/cmTryCompileExec2526157783.dir/build.make CMakeFiles/cmTryCompileExec2526157783.dir/build
make[1]: Entering directory `/home/chris/jade/rethink_ws/build/baxter_description/CMakeFiles/CMakeTmp'
/usr/bin/cmake -E cmake_progress_report /home/chris/jade/rethink_ws/build/baxter_description/CMakeFiles/CMakeTmp/CMakeFiles 1
Building C object CMakeFiles/cmTryCompileExec2526157783.dir/CheckSymbolExists.c.o
/usr/bin/cc    -o CMakeFiles/cmTryCompileExec2526157783.dir/CheckSymbolExists.c.o   -c /home/chris/jade/rethink_ws/build/baxter_description/CMakeFiles/CMakeTmp/CheckSymbolExists.c
Linking C executable cmTryCompileExec2526157783
/usr/bin/cmake -E cmake_link_script CMakeFiles/cmTryCompileExec2526157783.dir/link.txt --verbose=1
/usr/bin/cc       CMakeFiles/cmTryCompileExec2526157783.dir/CheckSymbolExists.c.o  -o cmTryCompileExec2526157783 -rdynamic 
CMakeFiles/cmTryCompileExec2526157783.dir/CheckSymbolExists.c.o: In function `main':
CheckSymbolExists.c:(.text+0x16): undefined reference to `pthread_create'
make[1]: Leaving directory `/home/chris/jade/rethink_ws/build/baxter_description/CMakeFiles/CMakeTmp'
collect2: error: ld returned 1 exit status
make[1]: *** [cmTryCompileExec2526157783] Error 1
make: *** [cmTryCompileExec2526157783/fast] Error 2

File /home/chris/jade/rethink_ws/build/baxter_description/CMakeFiles/CMakeTmp/CheckSymbolExists.c:
/* */
#include <pthread.h>

int main(int argc, char** argv)
{
  (void)argv;
#ifndef pthread_create
  return ((int*)(&pthread_create))[argc];
#else
  (void)argc;
  return 0;
#endif
}

Determining if the function pthread_create exists in the pthreads failed with the following output:
Change Dir: /home/chris/jade/rethink_ws/build/baxter_description/CMakeFiles/CMakeTmp

Run Build Command:/usr/bin/make "cmTryCompileExec2166334355/fast"
/usr/bin/make -f CMakeFiles/cmTryCompileExec2166334355.dir/build.make CMakeFiles/cmTryCompileExec2166334355.dir/build
make[1]: Entering directory `/home/chris/jade/rethink_ws/build/baxter_description/CMakeFiles/CMakeTmp'
/usr/bin/cmake -E cmake_progress_report /home/chris/jade/rethink_ws/build/baxter_description/CMakeFiles/CMakeTmp/CMakeFiles 1
Building C object CMakeFiles/cmTryCompileExec2166334355.dir/CheckFunctionExists.c.o
/usr/bin/cc   -DCHECK_FUNCTION_EXISTS=pthread_create   -o CMakeFiles/cmTryCompileExec2166334355.dir/CheckFunctionExists.c.o   -c /usr/share/cmake-2.8/Modules/CheckFunctionExists.c
Linking C executable cmTryCompileExec2166334355
/usr/bin/cmake -E cmake_link_script CMakeFiles/cmTryCompileExec2166334355.dir/link.txt --verbose=1
/usr/bin/cc   -DCHECK_FUNCTION_EXISTS=pthread_create    CMakeFiles/cmTryCompileExec2166334355.dir/CheckFunctionExists.c.o  -o cmTryCompileExec2166334355 -rdynamic -lpthreads 
/usr/bin/ld: cannot find -lpthreads
collect2: error: ld returned 1 exit status
make[1]: Leaving directory `/home/chris/jade/rethink_ws/build/baxter_description/CMakeFiles/CMakeTmp'
make[1]: *** [cmTryCompileExec2166334355] Error 1
make: *** [cmTryCompileExec2166334355/fast] Error 2


