Determining if the pthread_create exist failed with the following output:
Change Dir: /home/chris/jade/rethink_ws/build/baxter_sdk/CMakeFiles/CMakeTmp

Run Build Command:/usr/bin/make "cmTryCompileExec218444015/fast"
/usr/bin/make -f CMakeFiles/cmTryCompileExec218444015.dir/build.make CMakeFiles/cmTryCompileExec218444015.dir/build
make[1]: Entering directory `/home/chris/jade/rethink_ws/build/baxter_sdk/CMakeFiles/CMakeTmp'
/usr/bin/cmake -E cmake_progress_report /home/chris/jade/rethink_ws/build/baxter_sdk/CMakeFiles/CMakeTmp/CMakeFiles 1
Building C object CMakeFiles/cmTryCompileExec218444015.dir/CheckSymbolExists.c.o
/usr/bin/cc    -o CMakeFiles/cmTryCompileExec218444015.dir/CheckSymbolExists.c.o   -c /home/chris/jade/rethink_ws/build/baxter_sdk/CMakeFiles/CMakeTmp/CheckSymbolExists.c
Linking C executable cmTryCompileExec218444015
/usr/bin/cmake -E cmake_link_script CMakeFiles/cmTryCompileExec218444015.dir/link.txt --verbose=1
/usr/bin/cc       CMakeFiles/cmTryCompileExec218444015.dir/CheckSymbolExists.c.o  -o cmTryCompileExec218444015 -rdynamic 
CMakeFiles/cmTryCompileExec218444015.dir/CheckSymbolExists.c.o: In function `main':
CheckSymbolExists.c:(.text+0x16): undefined reference to `pthread_create'
make[1]: Leaving directory `/home/chris/jade/rethink_ws/build/baxter_sdk/CMakeFiles/CMakeTmp'
collect2: error: ld returned 1 exit status
make[1]: *** [cmTryCompileExec218444015] Error 1
make: *** [cmTryCompileExec218444015/fast] Error 2

File /home/chris/jade/rethink_ws/build/baxter_sdk/CMakeFiles/CMakeTmp/CheckSymbolExists.c:
/* */
#include <pthread.h>

int main(int argc, char** argv)
{
  (void)argv;
#ifndef pthread_create
  return ((int*)(&pthread_create))[argc];
#else
  (void)argc;
  return 0;
#endif
}

Determining if the function pthread_create exists in the pthreads failed with the following output:
Change Dir: /home/chris/jade/rethink_ws/build/baxter_sdk/CMakeFiles/CMakeTmp

Run Build Command:/usr/bin/make "cmTryCompileExec5554493/fast"
/usr/bin/make -f CMakeFiles/cmTryCompileExec5554493.dir/build.make CMakeFiles/cmTryCompileExec5554493.dir/build
make[1]: Entering directory `/home/chris/jade/rethink_ws/build/baxter_sdk/CMakeFiles/CMakeTmp'
/usr/bin/cmake -E cmake_progress_report /home/chris/jade/rethink_ws/build/baxter_sdk/CMakeFiles/CMakeTmp/CMakeFiles 1
Building C object CMakeFiles/cmTryCompileExec5554493.dir/CheckFunctionExists.c.o
/usr/bin/cc   -DCHECK_FUNCTION_EXISTS=pthread_create   -o CMakeFiles/cmTryCompileExec5554493.dir/CheckFunctionExists.c.o   -c /usr/share/cmake-2.8/Modules/CheckFunctionExists.c
Linking C executable cmTryCompileExec5554493
/usr/bin/cmake -E cmake_link_script CMakeFiles/cmTryCompileExec5554493.dir/link.txt --verbose=1
/usr/bin/cc   -DCHECK_FUNCTION_EXISTS=pthread_create    CMakeFiles/cmTryCompileExec5554493.dir/CheckFunctionExists.c.o  -o cmTryCompileExec5554493 -rdynamic -lpthreads 
/usr/bin/ld: cannot find -lpthreads
collect2: error: ld returned 1 exit status
make[1]: Leaving directory `/home/chris/jade/rethink_ws/build/baxter_sdk/CMakeFiles/CMakeTmp'
make[1]: *** [cmTryCompileExec5554493] Error 1
make: *** [cmTryCompileExec5554493/fast] Error 2


