Determining if the pthread_create exist failed with the following output:
Change Dir: /home/chris/jade/rethink_ws/build/baxter_interface/CMakeFiles/CMakeTmp

Run Build Command:/usr/bin/make "cmTryCompileExec4233186867/fast"
/usr/bin/make -f CMakeFiles/cmTryCompileExec4233186867.dir/build.make CMakeFiles/cmTryCompileExec4233186867.dir/build
make[1]: Entering directory `/home/chris/jade/rethink_ws/build/baxter_interface/CMakeFiles/CMakeTmp'
/usr/bin/cmake -E cmake_progress_report /home/chris/jade/rethink_ws/build/baxter_interface/CMakeFiles/CMakeTmp/CMakeFiles 1
Building C object CMakeFiles/cmTryCompileExec4233186867.dir/CheckSymbolExists.c.o
/usr/bin/cc    -o CMakeFiles/cmTryCompileExec4233186867.dir/CheckSymbolExists.c.o   -c /home/chris/jade/rethink_ws/build/baxter_interface/CMakeFiles/CMakeTmp/CheckSymbolExists.c
Linking C executable cmTryCompileExec4233186867
/usr/bin/cmake -E cmake_link_script CMakeFiles/cmTryCompileExec4233186867.dir/link.txt --verbose=1
/usr/bin/cc       CMakeFiles/cmTryCompileExec4233186867.dir/CheckSymbolExists.c.o  -o cmTryCompileExec4233186867 -rdynamic 
CMakeFiles/cmTryCompileExec4233186867.dir/CheckSymbolExists.c.o: In function `main':
CheckSymbolExists.c:(.text+0x16): undefined reference to `pthread_create'
collect2: error: ld returned 1 exit status
make[1]: *** [cmTryCompileExec4233186867] Error 1
make[1]: Leaving directory `/home/chris/jade/rethink_ws/build/baxter_interface/CMakeFiles/CMakeTmp'
make: *** [cmTryCompileExec4233186867/fast] Error 2

File /home/chris/jade/rethink_ws/build/baxter_interface/CMakeFiles/CMakeTmp/CheckSymbolExists.c:
/* */
#include <pthread.h>

int main(int argc, char** argv)
{
  (void)argv;
#ifndef pthread_create
  return ((int*)(&pthread_create))[argc];
#else
  (void)argc;
  return 0;
#endif
}

Determining if the function pthread_create exists in the pthreads failed with the following output:
Change Dir: /home/chris/jade/rethink_ws/build/baxter_interface/CMakeFiles/CMakeTmp

Run Build Command:/usr/bin/make "cmTryCompileExec648944159/fast"
/usr/bin/make -f CMakeFiles/cmTryCompileExec648944159.dir/build.make CMakeFiles/cmTryCompileExec648944159.dir/build
make[1]: Entering directory `/home/chris/jade/rethink_ws/build/baxter_interface/CMakeFiles/CMakeTmp'
/usr/bin/cmake -E cmake_progress_report /home/chris/jade/rethink_ws/build/baxter_interface/CMakeFiles/CMakeTmp/CMakeFiles 1
Building C object CMakeFiles/cmTryCompileExec648944159.dir/CheckFunctionExists.c.o
/usr/bin/cc   -DCHECK_FUNCTION_EXISTS=pthread_create   -o CMakeFiles/cmTryCompileExec648944159.dir/CheckFunctionExists.c.o   -c /usr/share/cmake-2.8/Modules/CheckFunctionExists.c
Linking C executable cmTryCompileExec648944159
/usr/bin/cmake -E cmake_link_script CMakeFiles/cmTryCompileExec648944159.dir/link.txt --verbose=1
/usr/bin/cc   -DCHECK_FUNCTION_EXISTS=pthread_create    CMakeFiles/cmTryCompileExec648944159.dir/CheckFunctionExists.c.o  -o cmTryCompileExec648944159 -rdynamic -lpthreads 
/usr/bin/ld: cannot find -lpthreads
collect2: error: ld returned 1 exit status
make[1]: Leaving directory `/home/chris/jade/rethink_ws/build/baxter_interface/CMakeFiles/CMakeTmp'
make[1]: *** [cmTryCompileExec648944159] Error 1
make: *** [cmTryCompileExec648944159/fast] Error 2


